Unloading shared
  WARNING: Did not unuse /cm/shared/modulefiles
[start] Sun May 24 01:54:24 PM CDT 2026 host=node045
name, memory.total [MiB]
NVIDIA L40S, 46068 MiB
[compare] reusing cached random baseline: (30, 50)
{
  "random": {
    "n_episodes": 30,
    "mean_final_running_max": 2.45939040184021
  },
  "k1": {
    "n_episodes": 50,
    "mean_final_running_max": 3.5099096298217773,
    "fwd_calls_total": 65492,
    "wall_time_sec": 1512.010938167572,
    "device": "cuda"
  },
  "k5": {
    "n_episodes": 50,
    "mean_final_running_max": 3.5099096298217773,
    "fwd_calls_total": 79574,
    "wall_time_sec": 1884.0917608737946,
    "device": "cuda"
  }
}

Saved /ddnlus/barsatkhadka/causality-RL/phase 5/results/phase5_discovery_curves.png
Saved /ddnlus/barsatkhadka/causality-RL/phase 5/results/phase5_learning_trend.png
[done]  Sun May 24 01:54:33 PM CDT 2026
