Unloading shared
  WARNING: Did not unuse /cm/shared/modulefiles
[start] Mon May 25 12:57:17 PM CDT 2026 compare_heads tag=mt_k1
[setup] device=cuda
[setup] loading GPT-2 ...
Loaded pretrained model gpt2 into HookedTransformer
[setup] loaded policy: results/phase6_mt_k1_policy.pt

==============================================================================
TASK: induction   priming=[1.0, 0.0]
==============================================================================

  Canonical heads (induction): L5.H1, L5.H5, L6.H9, L7.H2, L7.H10  [n=5]

  Policy top-10 most picked   : L1.H10(20) L2.H6(20) L6.H2(20) L0.H9(20) L0.H0(20) L5.H5(20) L1.H2(20) L2.H3(20) L7.H2(20) L11.H0(20)
  Policy top heads at peak    : L1.H10(15) L0.H9(5)
  Oracle top-10 by mean score : L1.H10 L0.H9 L5.H5 L0.H7 L3.H0 L0.H10 L11.H0 L2.H3 L1.H2 L2.H6

  Policy mean rmax  : 3.408
  Oracle mean best  : 3.402
  Gap (policy-oracle): +0.006

  Overlap with canonical literature (top-5 / top-10):
    policy : 0/5  | 2/5
    oracle : 1/5  | 1/5

  Canonical heads — ranking in agent's pick list (1 = most picked):
    L5.H5=#6  L7.H2=#9  L7.H10=#145  L6.H9=#145  L5.H1=#145
  Canonical heads — ranking in oracle's mean-score order:
    L5.H5=#3  L6.H9=#15  L7.H2=#27  L7.H10=#129  L5.H1=#130

==============================================================================
TASK: ioi   priming=[0.0, 1.0]
==============================================================================

  Canonical heads (ioi): L0.H1, L0.H10, L2.H2, L3.H0, L4.H11, L5.H5, L5.H8, L5.H9, L6.H9, L7.H3, L7.H9, L8.H6, L8.H10, L9.H0, L9.H6, L9.H7, L9.H9, L10.H0, L10.H1, L10.H2, L10.H6, L10.H7, L10.H10, L11.H2, L11.H9, L11.H10  [n=26]

  Policy top-10 most picked   : L8.H10(20) L0.H9(20) L7.H9(20) L8.H6(20) L1.H3(20) L3.H10(20) L1.H8(20) L10.H6(20) L5.H9(20) L5.H5(20)
  Policy top heads at peak    : L0.H9(20)
  Oracle top-10 by mean score : L0.H9 L8.H6 L8.H10 L5.H9 L1.H3 L7.H9 L11.H0 L5.H5 L10.H6 L2.H11

  Policy mean rmax  : 2.976
  Oracle mean best  : 2.948
  Gap (policy-oracle): +0.028

  Overlap with canonical literature (top-5 / top-10):
    policy : 3/26  | 6/26
    oracle : 3/26  | 6/26

  Canonical heads — ranking in agent's pick list (1 = most picked):
    L8.H10=#1  L7.H9=#3  L8.H6=#4  L10.H6=#8  L5.H9=#9  L5.H5=#10  L0.H1=#145  L11.H10=#145  L0.H10=#145  L7.H3=#145  L11.H2=#145  L10.H0=#145  L2.H2=#145  L9.H0=#145  L9.H9=#145  L6.H9=#145  L5.H8=#145  L9.H6=#145  L10.H7=#145  L10.H1=#145  L11.H9=#145  L3.H0=#145  L10.H10=#145  L4.H11=#145  L9.H7=#145  L10.H2=#145
  Canonical heads — ranking in oracle's mean-score order:
    L8.H6=#2  L8.H10=#3  L5.H9=#4  L7.H9=#6  L5.H5=#8  L10.H6=#9  L6.H9=#12  L3.H0=#13  L9.H7=#14  L10.H0=#15  L9.H9=#16  L5.H8=#24  L7.H3=#28  L4.H11=#36  L10.H10=#40  L10.H2=#54  L9.H0=#94  L10.H1=#102  L11.H9=#113  L2.H2=#123  L11.H2=#135  L9.H6=#138  L0.H1=#140  L0.H10=#141  L11.H10=#142  L10.H7=#144

  IOI sub-category overlap (policy top-10 vs canon set):
    name_movers         : 0/3
    negative_NMs        : 0/2
    s_inhibition        : 3/4
    backup_NMs          : 1/8
    induction_in_ioi    : 2/4
    duplicate_token     : 0/3
    previous_token      : 0/2

==============================================================================
TASK: docstring   priming=[1.0, 0.0]
==============================================================================

  Canonical heads (docstring):   [n=0]

  Policy top-10 most picked   : L0.H7(20) L1.H10(20) L1.H2(20) L6.H2(20) L2.H3(20) L0.H9(20) L6.H6(20) L3.H0(20) L11.H0(20) L0.H10(20)
  Policy top heads at peak    : L0.H10(20)
  Oracle top-10 by mean score : L0.H10 L0.H1 L8.H10 L2.H11 L5.H9 L1.H2 L5.H5 L7.H11 L3.H0 L7.H7

  Policy mean rmax  : 2.195
  Oracle mean best  : 2.198
  Gap (policy-oracle): -0.004

[saved] /ddnlus/barsatkhadka/causality-RL/phase 6/results/compare_heads_mt_k1.json
